INFO 2019-04-22 02:47:04,328 basehttp 124 "GET / HTTP/1.1" 200 1716
WARNING 2019-04-22 04:10:30,990 base 152 Not Found: /register/
WARNING 2019-04-22 04:10:30,991 basehttp 124 "GET /register/ HTTP/1.1" 404 1961
WARNING 2019-04-22 04:22:05,636 base 152 Not Found: /
WARNING 2019-04-22 04:22:05,637 basehttp 124 "GET / HTTP/1.1" 404 2075
INFO 2019-04-22 04:22:09,712 basehttp 124 "GET /register/ HTTP/1.1" 200 4836
INFO 2019-04-22 04:22:09,776 basehttp 124 "GET /static/css/reset.css HTTP/1.1" 200 638
INFO 2019-04-22 04:22:09,781 basehttp 124 "GET /static/js/host.js HTTP/1.1" 200 80
INFO 2019-04-22 04:22:09,781 basehttp 124 "GET /static/js/axios-0.18.0.min.js HTTP/1.1" 200 12941
INFO 2019-04-22 04:22:09,782 basehttp 124 "GET /static/css/main.css HTTP/1.1" 200 39722
INFO 2019-04-22 04:22:09,783 basehttp 124 "GET /static/images/logo.png HTTP/1.1" 200 7450
INFO 2019-04-22 04:22:09,784 basehttp 124 "GET /static/js/register.js HTTP/1.1" 200 19437
INFO 2019-04-22 04:22:09,785 basehttp 124 "GET /static/js/vue-2.5.16.js HTTP/1.1" 200 289307
ERROR 2019-04-22 04:22:10,606 exception 80 Invalid HTTP_HOST header: 'www.meiduo.site:8000'. You may need to add 'www.meiduo.site' to ALLOWED_HOSTS.
INFO 2019-04-22 04:22:10,619 basehttp 124 "GET /static/images/interval_line.png HTTP/1.1" 200 1123
INFO 2019-04-22 04:22:10,620 basehttp 124 "GET /static/images/icons02.png HTTP/1.1" 200 3935
INFO 2019-04-22 04:22:10,621 basehttp 124 "GET /static/images/register_banner.png HTTP/1.1" 200 54894
WARNING 2019-04-22 04:22:10,654 basehttp 124 "GET /image_codes/5f6b1578-df6d-48cf-a9c6-250eadd50268/ HTTP/1.1" 400 64307
ERROR 2019-04-22 04:25:35,719 exception 80 Invalid HTTP_HOST header: 'www.meiduo.site:8000'. You may need to add 'www.meiduo.site' to ALLOWED_HOSTS.
WARNING 2019-04-22 04:25:35,759 basehttp 124 "GET /usernames/1234567890/count/ HTTP/1.1" 400 63269
WARNING 2019-04-22 23:40:48,004 base 152 Not Found: /books/
WARNING 2019-04-22 23:40:48,005 basehttp 124 "GET /books/ HTTP/1.1" 404 2111
WARNING 2019-04-22 23:40:48,014 base 152 Not Found: /apple-touch-icon-precomposed.png
WARNING 2019-04-22 23:40:48,014 basehttp 124 "GET /apple-touch-icon-precomposed.png HTTP/1.1" 404 2189
WARNING 2019-04-22 23:40:48,018 base 152 Not Found: /apple-touch-icon.png
WARNING 2019-04-22 23:40:48,019 basehttp 124 "GET /apple-touch-icon.png HTTP/1.1" 404 2153
WARNING 2019-04-22 23:40:48,023 base 152 Not Found: /favicon.ico
WARNING 2019-04-22 23:40:48,023 basehttp 124 "GET /favicon.ico HTTP/1.1" 404 2126
WARNING 2019-04-22 23:40:48,027 base 152 Not Found: /apple-touch-icon-precomposed.png
WARNING 2019-04-22 23:40:48,027 basehttp 124 "GET /apple-touch-icon-precomposed.png HTTP/1.1" 404 2189
WARNING 2019-04-22 23:40:48,031 base 152 Not Found: /apple-touch-icon.png
WARNING 2019-04-22 23:40:48,031 basehttp 124 "GET /apple-touch-icon.png HTTP/1.1" 404 2153
WARNING 2019-04-22 23:40:48,035 base 152 Not Found: /favicon.ico
WARNING 2019-04-22 23:40:48,035 basehttp 124 "GET /favicon.ico HTTP/1.1" 404 2126
WARNING 2019-04-22 23:40:48,040 base 152 Not Found: /books/
WARNING 2019-04-22 23:40:48,040 basehttp 124 "GET /books/ HTTP/1.1" 404 2111
WARNING 2019-04-22 23:40:48,048 base 152 Not Found: /apple-touch-icon-precomposed.png
WARNING 2019-04-22 23:40:48,049 basehttp 124 "GET /apple-touch-icon-precomposed.png HTTP/1.1" 404 2189
WARNING 2019-04-22 23:40:48,052 base 152 Not Found: /apple-touch-icon.png
WARNING 2019-04-22 23:40:48,053 basehttp 124 "GET /apple-touch-icon.png HTTP/1.1" 404 2153
WARNING 2019-04-22 23:40:48,056 base 152 Not Found: /favicon.ico
WARNING 2019-04-22 23:40:48,057 basehttp 124 "GET /favicon.ico HTTP/1.1" 404 2126
WARNING 2019-04-22 23:40:48,060 base 152 Not Found: /apple-touch-icon-precomposed.png
WARNING 2019-04-22 23:40:48,060 basehttp 124 "GET /apple-touch-icon-precomposed.png HTTP/1.1" 404 2189
WARNING 2019-04-22 23:40:48,064 base 152 Not Found: /apple-touch-icon.png
WARNING 2019-04-22 23:40:48,064 basehttp 124 "GET /apple-touch-icon.png HTTP/1.1" 404 2153
WARNING 2019-04-22 23:40:48,068 base 152 Not Found: /favicon.ico
WARNING 2019-04-22 23:40:48,068 basehttp 124 "GET /favicon.ico HTTP/1.1" 404 2126
WARNING 2019-04-22 23:42:55,656 base 152 Not Found: /image_codes/9bda193e-1b7e-4fe3-a1aa-d0003184a084/
WARNING 2019-04-22 23:42:55,656 basehttp 124 "GET /image_codes/9bda193e-1b7e-4fe3-a1aa-d0003184a084/ HTTP/1.1" 404 2240
INFO 2019-04-23 01:11:52,486 basehttp 124 "GET /register/ HTTP/1.1" 200 4836
INFO 2019-04-23 01:11:52,554 basehttp 124 "GET /static/js/host.js HTTP/1.1" 304 0
INFO 2019-04-23 01:11:52,554 basehttp 124 "GET /static/css/main.css HTTP/1.1" 304 0
INFO 2019-04-23 01:11:52,555 basehttp 124 "GET /static/js/register.js HTTP/1.1" 304 0
WARNING 2019-04-23 01:11:52,713 base 152 Not Found: /image_codes/b8e04a99-bbed-466e-bfce-c775db2750bb/
WARNING 2019-04-23 01:11:52,714 basehttp 124 "GET /image_codes/b8e04a99-bbed-466e-bfce-c775db2750bb/ HTTP/1.1" 404 2240
INFO 2019-04-23 02:21:52,120 basehttp 124 "GET / HTTP/1.1" 200 1716
WARNING 2019-04-23 02:22:02,515 base 152 Not Found: /
WARNING 2019-04-23 02:22:02,516 basehttp 124 "GET / HTTP/1.1" 404 2075
INFO 2019-04-23 02:39:44,184 basehttp 124 "GET /register/ HTTP/1.1" 200 4836
INFO 2019-04-23 02:39:44,209 basehttp 124 "GET /static/js/host.js HTTP/1.1" 304 0
INFO 2019-04-23 02:39:44,218 basehttp 124 "GET /static/js/register.js HTTP/1.1" 200 19438
INFO 2019-04-23 02:39:44,853 basehttp 124 "GET /static/js/host.js HTTP/1.1" 304 0
INFO 2019-04-23 02:39:44,856 basehttp 124 "GET /static/js/register.js HTTP/1.1" 200 19438
WARNING 2019-04-23 02:39:44,901 base 152 Not Found: /image_codes/7a47f34f-ef91-4836-a93c-c78e32b33585/
WARNING 2019-04-23 02:39:44,904 basehttp 124 "GET /image_codes/7a47f34f-ef91-4836-a93c-c78e32b33585/ HTTP/1.1" 404 2390
WARNING 2019-04-23 02:39:59,980 base 152 Not Found: /usernames/1234567890/count/
WARNING 2019-04-23 02:39:59,982 basehttp 124 "GET /usernames/1234567890/count/ HTTP/1.1" 404 2324
WARNING 2019-04-23 02:40:10,030 base 152 Not Found: /mobiles/15301387077/count/
WARNING 2019-04-23 02:40:10,032 basehttp 124 "GET /mobiles/15301387077/count/ HTTP/1.1" 404 2321
WARNING 2019-04-23 02:40:23,092 base 152 Not Found: /usernames/1234567890/count/
WARNING 2019-04-23 02:40:23,096 base 152 Not Found: /mobiles/15301387077/count/
WARNING 2019-04-23 02:40:23,099 basehttp 124 "GET /usernames/1234567890/count/ HTTP/1.1" 404 2324
WARNING 2019-04-23 02:40:23,112 basehttp 124 "GET /mobiles/15301387077/count/ HTTP/1.1" 404 2321
WARNING 2019-04-23 02:43:06,468 base 152 Not Found: /usernames/1234567890/count/
WARNING 2019-04-23 02:43:06,499 basehttp 124 "GET /usernames/1234567890/count/ HTTP/1.1" 404 2324
WARNING 2019-04-23 02:43:06,516 base 152 Not Found: /mobiles/15301387077/count/
WARNING 2019-04-23 02:43:06,519 basehttp 124 "GET /mobiles/15301387077/count/ HTTP/1.1" 404 2321
INFO 2019-04-23 02:43:30,798 basehttp 124 "POST /register/ HTTP/1.1" 302 0
INFO 2019-04-23 02:43:30,820 basehttp 124 "GET / HTTP/1.1" 200 20245
INFO 2019-04-23 02:43:30,848 basehttp 124 "GET /static/js/index.js HTTP/1.1" 304 0
WARNING 2019-04-23 02:43:30,918 base 152 Not Found: /carts/simple/
WARNING 2019-04-23 02:43:30,920 basehttp 124 "GET /carts/simple/ HTTP/1.1" 404 2282
INFO 2019-04-23 02:47:14,840 basehttp 124 "GET /register/ HTTP/1.1" 200 4836
WARNING 2019-04-23 02:47:14,903 base 152 Not Found: /image_codes/fc608362-02ab-48b6-af4d-a07a68d941bb/
WARNING 2019-04-23 02:47:14,905 basehttp 124 "GET /image_codes/fc608362-02ab-48b6-af4d-a07a68d941bb/ HTTP/1.1" 404 2390
WARNING 2019-04-23 02:47:25,018 base 152 Not Found: /usernames/1234567890/count/
WARNING 2019-04-23 02:47:25,020 basehttp 124 "GET /usernames/1234567890/count/ HTTP/1.1" 404 2324
WARNING 2019-04-23 02:47:47,660 base 152 Not Found: /usernames/1234567890/count/
WARNING 2019-04-23 02:47:47,663 basehttp 124 "GET /usernames/1234567890/count/ HTTP/1.1" 404 2324
WARNING 2019-04-23 02:48:05,157 base 152 Not Found: /usernames/1234567890/count/
WARNING 2019-04-23 02:48:05,160 basehttp 124 "GET /usernames/1234567890/count/ HTTP/1.1" 404 2324
WARNING 2019-04-23 02:48:24,524 base 152 Not Found: /usernames/1234567890/count/
WARNING 2019-04-23 02:48:24,526 basehttp 124 "GET /usernames/1234567890/count/ HTTP/1.1" 404 2324
WARNING 2019-04-23 02:48:33,187 base 152 Not Found: /usernames/1234567890/count/
WARNING 2019-04-23 02:48:33,190 basehttp 124 "GET /usernames/1234567890/count/ HTTP/1.1" 404 2324
WARNING 2019-04-23 02:49:01,283 base 152 Not Found: /usernames/1234567890/count/
WARNING 2019-04-23 02:49:01,286 basehttp 124 "GET /usernames/1234567890/count/ HTTP/1.1" 404 2324
WARNING 2019-04-23 02:49:20,732 base 152 Not Found: /usernames/1234567890/count/
WARNING 2019-04-23 02:49:20,734 basehttp 124 "GET /usernames/1234567890/count/ HTTP/1.1" 404 2324
WARNING 2019-04-23 02:49:59,917 base 152 Not Found: /usernames/1234567890/count/
WARNING 2019-04-23 02:49:59,919 basehttp 124 "GET /usernames/1234567890/count/ HTTP/1.1" 404 2324
WARNING 2019-04-23 02:50:04,563 base 152 Not Found: /usernames/1234567890/count/
WARNING 2019-04-23 02:50:04,566 basehttp 124 "GET /usernames/1234567890/count/ HTTP/1.1" 404 2324
WARNING 2019-04-23 02:52:40,069 base 152 Not Found: /usernames/1234567890/count/
WARNING 2019-04-23 02:52:40,072 basehttp 124 "GET /usernames/1234567890/count/ HTTP/1.1" 404 2324
WARNING 2019-04-23 02:57:50,468 base 152 Not Found: /usernames/1234567890/count/
WARNING 2019-04-23 02:57:50,471 basehttp 124 "GET /usernames/1234567890/count/ HTTP/1.1" 404 2324
WARNING 2019-04-23 02:58:35,086 base 152 Not Found: /usernames/1234567890/count/
WARNING 2019-04-23 02:58:35,089 basehttp 124 "GET /usernames/1234567890/count/ HTTP/1.1" 404 2324
WARNING 2019-04-23 03:02:07,069 base 152 Not Found: /usernames/1234567890/count/
WARNING 2019-04-23 03:02:07,073 basehttp 124 "GET /usernames/1234567890/count/ HTTP/1.1" 404 2324
WARNING 2019-04-23 03:08:42,321 basehttp 124 "GET /static/js/axios.min.map HTTP/1.1" 404 1661
INFO 2019-04-23 03:09:32,785 basehttp 124 "GET /register/ HTTP/1.1" 200 4836
INFO 2019-04-23 03:09:32,877 basehttp 124 "GET /static/images/logo.png HTTP/1.1" 200 7450
INFO 2019-04-23 03:09:32,881 basehttp 124 "GET /static/js/host.js HTTP/1.1" 200 80
INFO 2019-04-23 03:09:32,885 basehttp 124 "GET /static/css/reset.css HTTP/1.1" 200 638
INFO 2019-04-23 03:09:32,887 basehttp 124 "GET /static/js/axios-0.18.0.min.js HTTP/1.1" 200 12941
INFO 2019-04-23 03:09:32,894 basehttp 124 "GET /static/css/main.css HTTP/1.1" 200 39722
INFO 2019-04-23 03:09:32,902 basehttp 124 "GET /static/js/register.js HTTP/1.1" 200 19455
INFO 2019-04-23 03:09:32,910 basehttp 124 "GET /static/js/vue-2.5.16.js HTTP/1.1" 200 289307
INFO 2019-04-23 03:09:32,979 basehttp 124 "GET /register/ HTTP/1.1" 200 4836
WARNING 2019-04-23 03:09:32,986 basehttp 124 "GET /static/js/axios.min.map HTTP/1.1" 404 1661
INFO 2019-04-23 03:09:33,010 basehttp 124 "GET /static/images/register_banner.png HTTP/1.1" 200 8192
INFO 2019-04-23 03:09:33,015 basehttp 124 "GET /static/images/interval_line.png HTTP/1.1" 200 1123
INFO 2019-04-23 03:09:33,062 basehttp 124 "GET /static/js/host.js HTTP/1.1" 200 80
INFO 2019-04-23 03:09:33,065 basehttp 124 "GET /static/images/icons02.png HTTP/1.1" 200 3935
INFO 2019-04-23 03:09:33,075 basehttp 124 "GET /static/css/reset.css HTTP/1.1" 200 638
WARNING 2019-04-23 03:09:33,104 base 152 Not Found: /image_codes/de1af3b5-a00c-476f-b17d-03c3696e8a19/
WARNING 2019-04-23 03:09:33,110 basehttp 124 "GET /image_codes/de1af3b5-a00c-476f-b17d-03c3696e8a19/ HTTP/1.1" 404 2596
INFO 2019-04-23 03:09:33,113 basehttp 124 "GET /static/js/axios-0.18.0.min.js HTTP/1.1" 200 12941
INFO 2019-04-23 03:09:33,144 basehttp 124 "GET /static/images/logo.png HTTP/1.1" 200 7450
INFO 2019-04-23 03:09:33,153 basehttp 124 "GET /register/ HTTP/1.1" 200 4836
INFO 2019-04-23 03:09:33,161 basehttp 124 "GET /static/js/vue-2.5.16.js HTTP/1.1" 200 49152
INFO 2019-04-23 03:09:33,172 basehttp 124 "GET /static/css/main.css HTTP/1.1" 200 39722
INFO 2019-04-23 03:09:33,176 basehttp 124 "GET /static/js/register.js HTTP/1.1" 200 8192
INFO 2019-04-23 03:09:33,204 basehttp 124 "GET /static/css/reset.css HTTP/1.1" 200 638
INFO 2019-04-23 03:09:33,223 basehttp 124 "GET /static/js/host.js HTTP/1.1" 200 80
INFO 2019-04-23 03:09:33,234 basehttp 124 "GET /static/css/main.css HTTP/1.1" 200 39722
INFO 2019-04-23 03:09:33,248 basehttp 124 "GET /static/js/axios-0.18.0.min.js HTTP/1.1" 200 12941
INFO 2019-04-23 03:09:33,250 basehttp 124 "GET /static/images/logo.png HTTP/1.1" 200 7450
INFO 2019-04-23 03:09:33,256 basehttp 124 "GET /static/js/register.js HTTP/1.1" 200 19455
INFO 2019-04-23 03:09:33,264 basehttp 124 "GET /static/js/vue-2.5.16.js HTTP/1.1" 200 289307
INFO 2019-04-23 03:09:33,307 basehttp 124 "GET /static/images/interval_line.png HTTP/1.1" 200 1123
INFO 2019-04-23 03:09:33,311 basehttp 124 "GET /static/images/icons02.png HTTP/1.1" 200 3935
INFO 2019-04-23 03:09:33,314 basehttp 124 "GET /static/images/register_banner.png HTTP/1.1" 200 54894
WARNING 2019-04-23 03:09:33,359 base 152 Not Found: /image_codes/db9efb60-c753-43d5-90e1-e624f05366fa/
WARNING 2019-04-23 03:09:33,361 basehttp 124 "GET /image_codes/db9efb60-c753-43d5-90e1-e624f05366fa/ HTTP/1.1" 404 2596
WARNING 2019-04-23 03:09:33,452 base 152 Not Found: /favicon.ico
WARNING 2019-04-23 03:09:33,461 basehttp 124 "GET /static/js/axios.min.map HTTP/1.1" 404 1661
WARNING 2019-04-23 03:09:33,471 basehttp 124 "GET /favicon.ico HTTP/1.1" 404 2482
INFO 2019-04-23 03:09:33,474 basehttp 124 "GET /register/ HTTP/1.1" 200 4836
INFO 2019-04-23 03:09:33,538 basehttp 124 "GET /register/ HTTP/1.1" 200 4836
INFO 2019-04-23 03:09:33,566 basehttp 124 "GET /static/css/reset.css HTTP/1.1" 200 638
INFO 2019-04-23 03:09:33,586 basehttp 124 "GET /static/css/main.css HTTP/1.1" 200 8192
INFO 2019-04-23 03:09:33,591 basehttp 124 "GET /static/js/host.js HTTP/1.1" 200 80
INFO 2019-04-23 03:09:33,598 basehttp 124 "GET /static/images/logo.png HTTP/1.1" 200 7450
INFO 2019-04-23 03:09:33,601 basehttp 124 "GET /static/js/vue-2.5.16.js HTTP/1.1" 200 8192
INFO 2019-04-23 03:09:33,620 basehttp 124 "GET /static/js/axios-0.18.0.min.js HTTP/1.1" 200 8192
INFO 2019-04-23 03:09:33,622 basehttp 124 "GET /static/css/reset.css HTTP/1.1" 200 638
INFO 2019-04-23 03:09:33,633 basehttp 124 "GET /static/css/main.css HTTP/1.1" 200 39722
INFO 2019-04-23 03:09:33,643 basehttp 124 "GET /static/js/host.js HTTP/1.1" 200 80
INFO 2019-04-23 03:09:33,654 basehttp 124 "GET /static/js/axios-0.18.0.min.js HTTP/1.1" 200 12941
INFO 2019-04-23 03:09:33,686 basehttp 124 "GET /register/ HTTP/1.1" 200 4836
INFO 2019-04-23 03:09:33,691 basehttp 124 "GET /static/images/logo.png HTTP/1.1" 200 7450
INFO 2019-04-23 03:09:33,694 basehttp 124 "GET /static/js/register.js HTTP/1.1" 200 19455
INFO 2019-04-23 03:09:33,695 basehttp 124 "GET /static/js/vue-2.5.16.js HTTP/1.1" 200 131072
INFO 2019-04-23 03:09:33,713 basehttp 124 "GET /static/css/reset.css HTTP/1.1" 200 638
INFO 2019-04-23 03:09:33,741 basehttp 124 "GET /static/css/main.css HTTP/1.1" 200 39722
INFO 2019-04-23 03:09:33,750 basehttp 124 "GET /static/js/host.js HTTP/1.1" 200 80
INFO 2019-04-23 03:09:33,764 basehttp 124 "GET /static/js/axios-0.18.0.min.js HTTP/1.1" 200 12941
INFO 2019-04-23 03:09:33,767 basehttp 124 "GET /static/images/logo.png HTTP/1.1" 200 7450
INFO 2019-04-23 03:09:33,780 basehttp 124 "GET /static/js/register.js HTTP/1.1" 200 19455
INFO 2019-04-23 03:09:33,786 basehttp 124 "GET /static/js/vue-2.5.16.js HTTP/1.1" 200 289307
INFO 2019-04-23 03:09:33,884 basehttp 124 "GET /static/images/icons02.png HTTP/1.1" 200 3935
INFO 2019-04-23 03:09:33,886 basehttp 124 "GET /static/images/interval_line.png HTTP/1.1" 200 1123
WARNING 2019-04-23 03:09:33,887 basehttp 124 "GET /static/js/axios.min.map HTTP/1.1" 404 1661
WARNING 2019-04-23 03:09:33,955 base 152 Not Found: /image_codes/50f96a40-d209-443b-b901-196be7ef7f19/
WARNING 2019-04-23 03:09:33,959 basehttp 124 "GET /image_codes/50f96a40-d209-443b-b901-196be7ef7f19/ HTTP/1.1" 404 2596
INFO 2019-04-23 03:09:33,968 basehttp 124 "GET /register/ HTTP/1.1" 200 4836
INFO 2019-04-23 03:09:33,975 basehttp 124 "GET /static/images/register_banner.png HTTP/1.1" 200 54894
INFO 2019-04-23 03:09:34,017 basehttp 124 "GET /static/css/reset.css HTTP/1.1" 200 638
INFO 2019-04-23 03:09:34,051 basehttp 124 "GET /static/css/main.css HTTP/1.1" 200 39722
INFO 2019-04-23 03:09:34,057 basehttp 124 "GET /static/images/logo.png HTTP/1.1" 200 7450
INFO 2019-04-23 03:09:34,061 basehttp 124 "GET /static/js/host.js HTTP/1.1" 200 80
INFO 2019-04-23 03:09:34,063 basehttp 124 "GET /static/js/axios-0.18.0.min.js HTTP/1.1" 200 12941
INFO 2019-04-23 03:09:34,070 basehttp 124 "GET /static/js/register.js HTTP/1.1" 200 19455
INFO 2019-04-23 03:09:34,077 basehttp 124 "GET /static/js/vue-2.5.16.js HTTP/1.1" 200 289307
INFO 2019-04-23 03:09:34,114 basehttp 124 "GET /static/images/interval_line.png HTTP/1.1" 200 1123
INFO 2019-04-23 03:09:34,119 basehttp 124 "GET /static/images/icons02.png HTTP/1.1" 200 3935
INFO 2019-04-23 03:09:34,121 basehttp 124 "GET /static/images/register_banner.png HTTP/1.1" 200 54894
WARNING 2019-04-23 03:09:34,159 basehttp 124 "GET /static/js/axios.min.map HTTP/1.1" 404 1661
WARNING 2019-04-23 03:09:34,175 base 152 Not Found: /image_codes/a1e599aa-d9e1-48bc-9301-e946a80fc574/
WARNING 2019-04-23 03:09:34,178 basehttp 124 "GET /image_codes/a1e599aa-d9e1-48bc-9301-e946a80fc574/ HTTP/1.1" 404 2596
WARNING 2019-04-23 03:09:34,207 base 152 Not Found: /favicon.ico
WARNING 2019-04-23 03:09:34,210 basehttp 124 "GET /favicon.ico HTTP/1.1" 404 2482
WARNING 2019-04-23 03:10:38,579 basehttp 124 "GET /static/js/axios.min.map HTTP/1.1" 404 1661
INFO 2019-04-23 03:10:54,853 basehttp 124 "GET /usernames/1234567890/count/ HTTP/1.1" 200 41
INFO 2019-04-23 03:10:54,879 basehttp 124 "GET /usernames/1234567890/count/ HTTP/1.1" 200 41
INFO 2019-04-23 03:10:54,881 basehttp 124 "GET /usernames/1234567890/count/ HTTP/1.1" 200 41
INFO 2019-04-23 03:11:54,838 basehttp 124 "GET /usernames/12345678901/count/ HTTP/1.1" 200 41
INFO 2019-04-23 03:14:53,145 basehttp 124 "GET /mobiles/15301387077/count/ HTTP/1.1" 200 41
INFO 2019-04-23 03:14:56,771 basehttp 124 "GET /mobiles/15301387076/count/ HTTP/1.1" 200 41
WARNING 2019-04-23 03:44:10,659 base 152 Not Found: /books/
WARNING 2019-04-23 03:44:10,664 basehttp 124 "GET /books/ HTTP/1.1" 404 2661
WARNING 2019-04-23 03:44:10,718 base 152 Not Found: /apple-touch-icon-precomposed.png
WARNING 2019-04-23 03:44:10,721 basehttp 124 "GET /apple-touch-icon-precomposed.png HTTP/1.1" 404 2739
WARNING 2019-04-23 03:44:10,765 base 152 Not Found: /apple-touch-icon.png
WARNING 2019-04-23 03:44:10,768 basehttp 124 "GET /apple-touch-icon.png HTTP/1.1" 404 2703
WARNING 2019-04-23 03:44:10,811 base 152 Not Found: /favicon.ico
WARNING 2019-04-23 03:44:10,814 basehttp 124 "GET /favicon.ico HTTP/1.1" 404 2676
WARNING 2019-04-23 03:44:10,866 base 152 Not Found: /apple-touch-icon-precomposed.png
WARNING 2019-04-23 03:44:10,869 basehttp 124 "GET /apple-touch-icon-precomposed.png HTTP/1.1" 404 2739
WARNING 2019-04-23 03:44:10,912 base 152 Not Found: /apple-touch-icon.png
WARNING 2019-04-23 03:44:10,914 basehttp 124 "GET /apple-touch-icon.png HTTP/1.1" 404 2703
WARNING 2019-04-23 03:44:10,954 base 152 Not Found: /favicon.ico
WARNING 2019-04-23 03:44:10,956 basehttp 124 "GET /favicon.ico HTTP/1.1" 404 2676
WARNING 2019-04-23 03:44:11,001 base 152 Not Found: /books/
WARNING 2019-04-23 03:44:11,004 basehttp 124 "GET /books/ HTTP/1.1" 404 2661
WARNING 2019-04-23 03:44:11,050 base 152 Not Found: /apple-touch-icon-precomposed.png
WARNING 2019-04-23 03:44:11,052 basehttp 124 "GET /apple-touch-icon-precomposed.png HTTP/1.1" 404 2739
WARNING 2019-04-23 03:44:11,097 base 152 Not Found: /apple-touch-icon.png
WARNING 2019-04-23 03:44:11,100 basehttp 124 "GET /apple-touch-icon.png HTTP/1.1" 404 2703
WARNING 2019-04-23 03:44:11,140 base 152 Not Found: /favicon.ico
WARNING 2019-04-23 03:44:11,143 basehttp 124 "GET /favicon.ico HTTP/1.1" 404 2676
WARNING 2019-04-23 03:44:11,187 base 152 Not Found: /apple-touch-icon-precomposed.png
WARNING 2019-04-23 03:44:11,190 basehttp 124 "GET /apple-touch-icon-precomposed.png HTTP/1.1" 404 2739
WARNING 2019-04-23 03:44:11,230 base 152 Not Found: /apple-touch-icon.png
WARNING 2019-04-23 03:44:11,233 basehttp 124 "GET /apple-touch-icon.png HTTP/1.1" 404 2703
WARNING 2019-04-23 03:44:11,275 base 152 Not Found: /favicon.ico
WARNING 2019-04-23 03:44:11,278 basehttp 124 "GET /favicon.ico HTTP/1.1" 404 2676
INFO 2019-04-23 04:06:38,799 basehttp 124 "GET /static/js/index.js HTTP/1.1" 200 1388
INFO 2019-04-23 04:06:38,800 basehttp 124 "GET /static/js/host.js HTTP/1.1" 200 80
ERROR 2019-04-23 04:06:38,830 exception 80 Invalid HTTP_HOST header: 'www.meiduo.site:8000'. You may need to add 'www.meiduo.site' to ALLOWED_HOSTS.
WARNING 2019-04-23 04:06:39,027 basehttp 124 "GET / HTTP/1.1" 400 65705
INFO 2019-04-23 04:08:45,851 basehttp 124 "GET /register/ HTTP/1.1" 200 4836
INFO 2019-04-23 04:08:45,883 basehttp 124 "GET /static/js/register.js HTTP/1.1" 304 0
INFO 2019-04-23 04:08:45,886 basehttp 124 "GET /static/js/host.js HTTP/1.1" 304 0
INFO 2019-04-23 04:08:45,968 basehttp 124 "GET /image_codes/3d223449-dc6a-40c6-878b-276f26cb6bf8/ HTTP/1.1" 200 3686
INFO 2019-04-23 04:08:49,292 basehttp 124 "GET /register/ HTTP/1.1" 200 4836
INFO 2019-04-23 04:08:49,345 basehttp 124 "GET /image_codes/dce87b4a-16e8-4211-a747-35789baf48e1/ HTTP/1.1" 200 3551
INFO 2019-04-23 04:08:50,133 basehttp 124 "GET /register/ HTTP/1.1" 200 4836
INFO 2019-04-23 04:08:50,191 basehttp 124 "GET /image_codes/4b072fb7-94b3-4a3b-9c6b-32c10e0455fb/ HTTP/1.1" 200 3323
INFO 2019-04-23 04:08:51,200 basehttp 124 "GET /image_codes/f6a52ce5-fd43-4361-926f-dce0721d430a/ HTTP/1.1" 200 3039
INFO 2019-04-23 04:08:51,424 basehttp 124 "GET /image_codes/da4a3725-7d73-4317-b426-74a178fd8578/ HTTP/1.1" 200 3038
INFO 2019-04-23 04:08:51,658 basehttp 124 "GET /image_codes/fafe267b-17ad-4730-9817-436dcb6f8beb/ HTTP/1.1" 200 3258
INFO 2019-04-23 04:08:51,807 basehttp 124 "GET /image_codes/2927d50e-86b1-47eb-82b5-86d70f5444f1/ HTTP/1.1" 200 2727
INFO 2019-04-23 04:08:51,998 basehttp 124 "GET /image_codes/740c719a-47df-4ead-ae75-9696b651a012/ HTTP/1.1" 200 3019
INFO 2019-04-23 04:08:52,156 basehttp 124 "GET /image_codes/b2ad4b55-74b7-4235-a1e4-1c922499c1c4/ HTTP/1.1" 200 3244
INFO 2019-04-23 04:08:52,354 basehttp 124 "GET /image_codes/1bbec72c-e52a-435a-b9db-1ca218605d47/ HTTP/1.1" 200 3209
INFO 2019-04-23 04:08:52,495 basehttp 124 "GET /image_codes/13674cac-6d4d-4489-a7c6-9ee453517677/ HTTP/1.1" 200 3276
INFO 2019-04-23 04:08:52,696 basehttp 124 "GET /image_codes/e35356b9-2605-424f-b021-987581c00845/ HTTP/1.1" 200 3358
INFO 2019-04-23 04:08:52,820 basehttp 124 "GET /image_codes/308008b9-caed-4822-b1ed-88429ab1c6d9/ HTTP/1.1" 200 3621
INFO 2019-04-23 04:08:53,051 basehttp 124 "GET /image_codes/98473ed4-9c9d-4ad8-86a1-25e7abe1d689/ HTTP/1.1" 200 2937
INFO 2019-04-23 04:08:53,168 basehttp 124 "GET /image_codes/081c90a2-ed10-43b5-9c88-9bff6ee6d26b/ HTTP/1.1" 200 3243
INFO 2019-04-23 04:08:53,386 basehttp 124 "GET /image_codes/ddab7b2c-ab62-43ca-98b5-523ae5891f6d/ HTTP/1.1" 200 3328
INFO 2019-04-23 04:12:12,062 basehttp 124 "GET /register/ HTTP/1.1" 200 4836
INFO 2019-04-23 04:12:12,124 basehttp 124 "GET /image_codes/3af69ae2-0af9-4456-acc2-64b69bd945c3/ HTTP/1.1" 200 3716
INFO 2019-04-23 04:12:13,811 basehttp 124 "GET /register/ HTTP/1.1" 200 4836
INFO 2019-04-23 04:12:13,868 basehttp 124 "GET /image_codes/1b598eb1-c418-49d7-a26f-2005cc12ee1e/ HTTP/1.1" 200 3088
INFO 2019-04-23 04:12:14,532 basehttp 124 "GET /image_codes/76f878f3-e25c-444a-9679-c253dcfeec18/ HTTP/1.1" 200 3195
INFO 2019-04-23 04:12:14,885 basehttp 124 "GET /image_codes/714bab13-1a82-4927-aff5-1ba0f8b6e6ab/ HTTP/1.1" 200 3110
INFO 2019-04-23 04:12:15,243 basehttp 124 "GET /image_codes/7b350318-65c7-48cd-ba66-de13986f47cd/ HTTP/1.1" 200 3071
INFO 2019-04-23 04:12:15,380 basehttp 124 "GET /image_codes/ced1f163-0f44-4ab0-ac2c-002b63791a0f/ HTTP/1.1" 200 3409
INFO 2019-04-23 04:12:15,582 basehttp 124 "GET /image_codes/3bc46b31-7d93-45e4-883f-242001ccda60/ HTTP/1.1" 200 3006
INFO 2019-04-23 04:12:15,738 basehttp 124 "GET /image_codes/7217a535-66f2-4507-bf81-bd8117d5f413/ HTTP/1.1" 200 2877
INFO 2019-04-23 04:12:15,939 basehttp 124 "GET /image_codes/5392ef80-ba52-45ee-8dc4-b1d4b33475ac/ HTTP/1.1" 200 2947
INFO 2019-04-23 04:12:16,094 basehttp 124 "GET /image_codes/5161d6b5-2df7-4b76-90a5-fe95e7ad60ab/ HTTP/1.1" 200 2962
INFO 2019-04-23 04:12:16,409 basehttp 124 "GET /register/ HTTP/1.1" 200 4836
INFO 2019-04-23 04:12:16,463 basehttp 124 "GET /image_codes/3fb88f4f-305c-4f16-a768-76b22f2de8fa/ HTTP/1.1" 200 2859
INFO 2019-04-23 04:12:16,562 basehttp 124 "GET /register/ HTTP/1.1" 200 4836
INFO 2019-04-23 04:12:16,610 basehttp 124 "GET /image_codes/c30c2248-7254-439b-839d-a37b6cd0eeb4/ HTTP/1.1" 200 3397
INFO 2019-04-23 04:12:16,741 basehttp 124 "GET /register/ HTTP/1.1" 200 4836
INFO 2019-04-23 04:12:16,798 basehttp 124 "GET /image_codes/84dfc46c-7b9e-4aef-bbe2-655b02e26ebf/ HTTP/1.1" 200 3673
INFO 2019-04-23 04:12:16,899 basehttp 124 "GET /register/ HTTP/1.1" 200 4836
INFO 2019-04-23 04:12:16,953 basehttp 124 "GET /image_codes/e656d327-5f4c-419a-8134-04cd75fff0d9/ HTTP/1.1" 200 3147
INFO 2019-04-23 04:12:17,081 basehttp 124 "GET /register/ HTTP/1.1" 200 4836
INFO 2019-04-23 04:12:17,142 basehttp 124 "GET /image_codes/9adb51ba-4cfc-4bdd-bfa3-28b5a8350778/ HTTP/1.1" 200 3214
INFO 2019-04-23 04:12:17,214 basehttp 124 "GET /register/ HTTP/1.1" 200 4836
INFO 2019-04-23 04:12:17,273 basehttp 124 "GET /image_codes/0e5c795b-cfbb-4ce0-a20a-01e5eb836ee8/ HTTP/1.1" 200 2885
INFO 2019-04-23 04:12:17,415 basehttp 124 "GET /register/ HTTP/1.1" 200 4836
INFO 2019-04-23 04:12:17,474 basehttp 124 "GET /image_codes/55a20de5-edd8-4f28-a1f1-be28a841f852/ HTTP/1.1" 200 3282
INFO 2019-04-23 04:12:17,550 basehttp 124 "GET /register/ HTTP/1.1" 200 4836
INFO 2019-04-23 04:12:17,606 basehttp 124 "GET /image_codes/495ba304-e08a-4ea8-9b23-616f8a753d43/ HTTP/1.1" 200 3504
INFO 2019-04-23 04:12:17,743 basehttp 124 "GET /register/ HTTP/1.1" 200 4836
INFO 2019-04-23 04:12:17,795 basehttp 124 "GET /image_codes/28064f06-a526-44a6-8e1a-10e53c0da16e/ HTTP/1.1" 200 3040
INFO 2019-04-23 04:12:17,880 basehttp 124 "GET /register/ HTTP/1.1" 200 4836
INFO 2019-04-23 04:12:17,935 basehttp 124 "GET /image_codes/2cdd5d10-05bf-486f-8562-44475381a52c/ HTTP/1.1" 200 3232
INFO 2019-04-23 04:12:18,336 basehttp 124 "GET /image_codes/98c81016-f709-451c-86ef-99a67de7dba1/ HTTP/1.1" 200 3082
INFO 2019-04-23 04:12:18,920 basehttp 124 "GET /register/ HTTP/1.1" 200 4836
INFO 2019-04-23 04:12:18,976 basehttp 124 "GET /image_codes/00545619-c42b-4827-9538-2ba6b2590c8b/ HTTP/1.1" 200 3141
INFO 2019-04-23 04:12:19,080 basehttp 124 "GET /register/ HTTP/1.1" 200 4836
INFO 2019-04-23 04:12:19,129 basehttp 124 "GET /image_codes/0fd860ff-e1f4-4ed2-9614-fe53a378e765/ HTTP/1.1" 200 3169
INFO 2019-04-23 04:12:19,260 basehttp 124 "GET /register/ HTTP/1.1" 200 4836
INFO 2019-04-23 04:12:19,313 basehttp 124 "GET /image_codes/191455f0-9be8-44f0-b0ba-3a95eebd5192/ HTTP/1.1" 200 3069
INFO 2019-04-23 04:12:19,487 basehttp 124 "GET /register/ HTTP/1.1" 200 4836
INFO 2019-04-23 04:12:19,545 basehttp 124 "GET /image_codes/9ef28d12-5df1-4f34-b2a7-b7e9bb648d25/ HTTP/1.1" 200 3029
INFO 2019-04-23 04:12:19,612 basehttp 124 "GET /register/ HTTP/1.1" 200 4836
INFO 2019-04-23 04:12:19,667 basehttp 124 "GET /image_codes/6503aab4-2209-4e39-a09e-59f6f5bf27c6/ HTTP/1.1" 200 3324
INFO 2019-04-23 04:12:19,821 basehttp 124 "GET /register/ HTTP/1.1" 200 4836
INFO 2019-04-23 04:12:19,877 basehttp 124 "GET /image_codes/9e7c680e-c230-4111-b9f1-38ac98ae2ca2/ HTTP/1.1" 200 3082
INFO 2019-04-23 04:12:19,973 basehttp 124 "GET /register/ HTTP/1.1" 200 4836
INFO 2019-04-23 04:12:20,021 basehttp 124 "GET /image_codes/90670557-2143-4c21-8d0e-0f88d78bd190/ HTTP/1.1" 200 3232
INFO 2019-04-23 04:12:20,163 basehttp 124 "GET /register/ HTTP/1.1" 200 4836
INFO 2019-04-23 04:12:20,237 basehttp 124 "GET /image_codes/1e37fdc3-d842-46e6-bcc3-53c9239198c3/ HTTP/1.1" 200 3442
INFO 2019-04-23 04:12:20,382 basehttp 124 "GET /register/ HTTP/1.1" 200 4836
INFO 2019-04-23 04:12:20,443 basehttp 124 "GET /image_codes/580dac1f-17c1-4faa-aedf-99910336b881/ HTTP/1.1" 200 3123
INFO 2019-04-23 04:12:20,520 basehttp 124 "GET /register/ HTTP/1.1" 200 4836
INFO 2019-04-23 04:12:20,569 basehttp 124 "GET /image_codes/7a0147ae-c0ba-49cb-8ce9-8b5d4fb20108/ HTTP/1.1" 200 3245
INFO 2019-04-23 04:12:20,728 basehttp 124 "GET /register/ HTTP/1.1" 200 4836
INFO 2019-04-23 04:12:20,784 basehttp 124 "GET /image_codes/1bb9fc42-ebc9-4f07-99d9-01f36cd94de6/ HTTP/1.1" 200 2987
INFO 2019-04-23 04:12:20,949 basehttp 124 "GET /register/ HTTP/1.1" 200 4836
INFO 2019-04-23 04:12:21,009 basehttp 124 "GET /image_codes/ccc8ae96-fc0d-4ab3-bdbd-853e46d8a790/ HTTP/1.1" 200 3614
INFO 2019-04-23 04:12:21,096 basehttp 124 "GET /register/ HTTP/1.1" 200 4836
INFO 2019-04-23 04:12:21,149 basehttp 124 "GET /image_codes/ff6d9bb2-b4da-423c-be8a-2bed7d93efcb/ HTTP/1.1" 200 3261
INFO 2019-04-23 04:12:21,297 basehttp 124 "GET /register/ HTTP/1.1" 200 4836
INFO 2019-04-23 04:12:21,351 basehttp 124 "GET /image_codes/f50e75c4-56f9-42f4-a475-4928fc62a449/ HTTP/1.1" 200 3542
INFO 2019-04-23 04:12:21,515 basehttp 124 "GET /register/ HTTP/1.1" 200 4836
INFO 2019-04-23 04:12:21,573 basehttp 124 "GET /image_codes/5489790f-ce1c-4132-9057-6619ba965689/ HTTP/1.1" 200 3680
INFO 2019-04-23 04:12:21,751 basehttp 124 "GET /register/ HTTP/1.1" 200 4836
INFO 2019-04-23 04:12:21,807 basehttp 124 "GET /image_codes/e7f940f2-e4cc-40d5-b1b9-69612c9d66d9/ HTTP/1.1" 200 3552
INFO 2019-04-23 04:12:21,893 basehttp 124 "GET /register/ HTTP/1.1" 200 4836
INFO 2019-04-23 04:12:21,964 basehttp 124 "GET /image_codes/29871df7-f388-4dc9-91af-feabe5f3a0a6/ HTTP/1.1" 200 3179
INFO 2019-04-23 04:12:22,086 basehttp 124 "GET /register/ HTTP/1.1" 200 4836
INFO 2019-04-23 04:12:22,136 basehttp 124 "GET /image_codes/33652774-3b38-4e0a-bbca-0f83410ceecb/ HTTP/1.1" 200 3091
INFO 2019-04-23 04:12:22,407 basehttp 124 "GET /register/ HTTP/1.1" 200 4836
INFO 2019-04-23 04:12:22,462 basehttp 124 "GET /image_codes/58778d8e-08e6-4098-97f5-9305747d392b/ HTTP/1.1" 200 3241
INFO 2019-04-23 04:12:22,897 basehttp 124 "GET /register/ HTTP/1.1" 200 4836
INFO 2019-04-23 04:12:22,953 basehttp 124 "GET /image_codes/23c895c8-3d0f-4cee-82ca-9fb9fb629ab9/ HTTP/1.1" 200 3248
INFO 2019-04-23 04:12:23,131 basehttp 124 "GET /register/ HTTP/1.1" 200 4836
INFO 2019-04-23 04:12:23,191 basehttp 124 "GET /image_codes/be19d6f0-7371-45be-a607-4cf385d8c003/ HTTP/1.1" 200 3004
INFO 2019-04-23 04:12:23,289 basehttp 124 "GET /register/ HTTP/1.1" 200 4836
INFO 2019-04-23 04:12:23,340 basehttp 124 "GET /image_codes/00ee79e8-3849-4b66-8f52-e30cc74dc611/ HTTP/1.1" 200 3541
INFO 2019-04-23 04:12:23,469 basehttp 124 "GET /register/ HTTP/1.1" 200 4836
INFO 2019-04-23 04:12:23,521 basehttp 124 "GET /image_codes/05736d55-bf56-43a5-957b-1fc5ae8ddaac/ HTTP/1.1" 200 3098
INFO 2019-04-23 04:12:23,696 basehttp 124 "GET /register/ HTTP/1.1" 200 4836
INFO 2019-04-23 04:12:23,756 basehttp 124 "GET /image_codes/b025bdf1-e6cf-463e-822c-e46284d014cc/ HTTP/1.1" 200 3096
INFO 2019-04-23 04:12:23,886 basehttp 124 "GET /register/ HTTP/1.1" 200 4836
INFO 2019-04-23 04:12:23,941 basehttp 124 "GET /image_codes/67603b0a-2512-4f85-8b9d-cf226c8c3add/ HTTP/1.1" 200 3560
INFO 2019-04-23 04:12:24,123 basehttp 124 "GET /register/ HTTP/1.1" 200 4836
INFO 2019-04-23 04:12:24,176 basehttp 124 "GET /image_codes/0e7fa68e-f2d2-488d-9249-3d47b2c9bf24/ HTTP/1.1" 200 3111
INFO 2019-04-23 04:12:24,268 basehttp 124 "GET /register/ HTTP/1.1" 200 4836
INFO 2019-04-23 04:12:24,319 basehttp 124 "GET /image_codes/655e5b24-efa2-4c61-8b88-c255ef2f2ba8/ HTTP/1.1" 200 2826
INFO 2019-04-23 04:12:24,491 basehttp 124 "GET /register/ HTTP/1.1" 200 4836
INFO 2019-04-23 04:12:24,547 basehttp 124 "GET /image_codes/3fbc2780-a88b-4b22-aa2b-2f8cb6e0fd76/ HTTP/1.1" 200 3469
INFO 2019-04-23 04:12:24,806 basehttp 124 "GET /register/ HTTP/1.1" 200 4836
INFO 2019-04-23 04:12:24,864 basehttp 124 "GET /image_codes/7025c84f-6a3f-48e8-8f8a-e783a715d3e7/ HTTP/1.1" 200 3093
INFO 2019-04-23 04:12:25,039 basehttp 124 "GET /register/ HTTP/1.1" 200 4836
INFO 2019-04-23 04:12:25,097 basehttp 124 "GET /image_codes/2402aa21-2199-4b2d-89e6-d3f37b9bb6f6/ HTTP/1.1" 200 3163
INFO 2019-04-23 04:12:25,168 basehttp 124 "GET /register/ HTTP/1.1" 200 4836
INFO 2019-04-23 04:12:25,221 basehttp 124 "GET /image_codes/cebe8166-5385-4d2c-82df-0b73c5653228/ HTTP/1.1" 200 3311
INFO 2019-04-23 04:12:25,479 basehttp 124 "GET /register/ HTTP/1.1" 200 4836
INFO 2019-04-23 04:12:25,538 basehttp 124 "GET /image_codes/3d13f491-127c-4f62-9f20-d8de9bb1964a/ HTTP/1.1" 200 3267
INFO 2019-04-23 04:12:25,630 basehttp 124 "GET /register/ HTTP/1.1" 200 4836
INFO 2019-04-23 04:12:25,683 basehttp 124 "GET /image_codes/8f6f80c8-baa0-442b-be22-049df18ff3e4/ HTTP/1.1" 200 2808
INFO 2019-04-23 04:12:25,854 basehttp 124 "GET /register/ HTTP/1.1" 200 4836
INFO 2019-04-23 04:12:25,910 basehttp 124 "GET /image_codes/07f9a93c-8883-467a-b38b-a1cac9e22667/ HTTP/1.1" 200 3300
INFO 2019-04-23 04:12:26,047 basehttp 124 "GET /register/ HTTP/1.1" 200 4836
INFO 2019-04-23 04:12:26,115 basehttp 124 "GET /image_codes/bb1b6adc-5ed8-472a-8a9e-abf73c886c86/ HTTP/1.1" 200 3166
INFO 2019-04-23 04:12:26,283 basehttp 124 "GET /register/ HTTP/1.1" 200 4836
INFO 2019-04-23 04:12:26,341 basehttp 124 "GET /image_codes/30d29794-3e63-453c-bb42-6b26d92e9e6e/ HTTP/1.1" 200 3043
INFO 2019-04-23 04:12:26,529 basehttp 124 "GET /register/ HTTP/1.1" 200 4836
INFO 2019-04-23 04:12:26,590 basehttp 124 "GET /image_codes/b995a25a-b3ad-49f3-9f8c-bb1b1a77521e/ HTTP/1.1" 200 3224
INFO 2019-04-23 04:12:26,653 basehttp 124 "GET /register/ HTTP/1.1" 200 4836
INFO 2019-04-23 04:12:26,704 basehttp 124 "GET /image_codes/9fc6df0d-d8d4-4bb4-97dc-b2f73fa4c4b4/ HTTP/1.1" 200 3231
INFO 2019-04-23 04:12:26,882 basehttp 124 "GET /register/ HTTP/1.1" 200 4836
INFO 2019-04-23 04:12:26,940 basehttp 124 "GET /image_codes/62726996-d8eb-4ed7-aeda-3846561b248b/ HTTP/1.1" 200 2883
INFO 2019-04-23 04:12:27,168 basehttp 124 "GET /register/ HTTP/1.1" 200 4836
INFO 2019-04-23 04:12:27,226 basehttp 124 "GET /image_codes/0a21bdbc-bae6-4d58-9cc0-fb2af445d5a5/ HTTP/1.1" 200 3545
INFO 2019-04-23 04:12:27,398 basehttp 124 "GET /register/ HTTP/1.1" 200 4836
INFO 2019-04-23 04:12:27,457 basehttp 124 "GET /image_codes/00033734-1b4c-48af-9e23-cc23cb34371e/ HTTP/1.1" 200 3234
INFO 2019-04-23 04:12:27,644 basehttp 124 "GET /register/ HTTP/1.1" 200 4836
INFO 2019-04-23 04:12:27,702 basehttp 124 "GET /image_codes/09c3c1ad-7881-4d07-93bc-2e10702643d3/ HTTP/1.1" 200 3088
INFO 2019-04-23 04:12:27,755 basehttp 124 "GET /register/ HTTP/1.1" 200 4836
INFO 2019-04-23 04:12:27,808 basehttp 124 "GET /image_codes/a64802b4-9885-42b8-b5a2-3ba9f34dbf4b/ HTTP/1.1" 200 3064
INFO 2019-04-23 04:12:28,398 basehttp 124 "GET /register/ HTTP/1.1" 200 4836
INFO 2019-04-23 04:12:28,456 basehttp 124 "GET /image_codes/e35f6de1-9598-4296-8107-923b95af7542/ HTTP/1.1" 200 2950
INFO 2019-04-23 04:12:28,633 basehttp 124 "GET /register/ HTTP/1.1" 200 4836
INFO 2019-04-23 04:12:28,693 basehttp 124 "GET /image_codes/5153f66b-5e88-4c56-b9b3-f977dc1e9a22/ HTTP/1.1" 200 3240
INFO 2019-04-23 04:12:28,780 basehttp 124 "GET /register/ HTTP/1.1" 200 4836
INFO 2019-04-23 04:12:28,834 basehttp 124 "GET /image_codes/f9508baf-9788-4f5f-8a6f-a2d22d545f51/ HTTP/1.1" 200 3440
INFO 2019-04-23 04:12:28,982 basehttp 124 "GET /register/ HTTP/1.1" 200 4836
INFO 2019-04-23 04:12:29,039 basehttp 124 "GET /image_codes/d906ccd4-354f-4fb6-b3c3-463a45e4eeb9/ HTTP/1.1" 200 3040
INFO 2019-04-23 04:12:29,196 basehttp 124 "GET /register/ HTTP/1.1" 200 4836
INFO 2019-04-23 04:12:29,254 basehttp 124 "GET /image_codes/4baa03f4-5dff-44d0-abe1-b308bc2f4026/ HTTP/1.1" 200 3189
INFO 2019-04-23 04:12:29,393 basehttp 124 "GET /register/ HTTP/1.1" 200 4836
INFO 2019-04-23 04:12:29,451 basehttp 124 "GET /image_codes/6b805f8e-7c19-4f25-b2ac-9efb30a1857a/ HTTP/1.1" 200 3268
INFO 2019-04-23 04:12:29,532 basehttp 124 "GET /register/ HTTP/1.1" 200 4836
INFO 2019-04-23 04:12:29,588 basehttp 124 "GET /image_codes/5f6ee68c-f607-4ec6-bebf-09b49416f1e4/ HTTP/1.1" 200 3443
INFO 2019-04-23 04:12:29,735 basehttp 124 "GET /register/ HTTP/1.1" 200 4836
INFO 2019-04-23 04:12:29,789 basehttp 124 "GET /image_codes/857a8e8f-8b54-4351-a933-dd1834d84f65/ HTTP/1.1" 200 3067
INFO 2019-04-23 04:12:29,948 basehttp 124 "GET /register/ HTTP/1.1" 200 4836
INFO 2019-04-23 04:12:30,008 basehttp 124 "GET /image_codes/37ad9b97-8b7b-4949-9aff-14811468955c/ HTTP/1.1" 200 3317
INFO 2019-04-23 04:12:30,166 basehttp 124 "GET /register/ HTTP/1.1" 200 4836
INFO 2019-04-23 04:12:30,223 basehttp 124 "GET /image_codes/a7d07488-b8f6-487f-bd3c-6c5781d07474/ HTTP/1.1" 200 2930
INFO 2019-04-23 04:12:31,389 basehttp 124 "GET /register/ HTTP/1.1" 200 4836
INFO 2019-04-23 04:12:31,441 basehttp 124 "GET /image_codes/6ef5c7ab-8503-468f-9c41-273754bcef05/ HTTP/1.1" 200 3059
INFO 2019-04-23 04:12:31,602 basehttp 124 "GET /register/ HTTP/1.1" 200 4836
INFO 2019-04-23 04:12:31,657 basehttp 124 "GET /image_codes/4baacbd9-b4eb-454c-979f-3f408db421f6/ HTTP/1.1" 200 2986
INFO 2019-04-23 04:12:31,802 basehttp 124 "GET /register/ HTTP/1.1" 200 4836
INFO 2019-04-23 04:12:31,856 basehttp 124 "GET /image_codes/f2e29132-4c12-4f66-987c-c9da7511c049/ HTTP/1.1" 200 3208
INFO 2019-04-23 04:12:32,037 basehttp 124 "GET /register/ HTTP/1.1" 200 4836
INFO 2019-04-23 04:12:32,101 basehttp 124 "GET /image_codes/0287b399-ea21-4720-8c1e-e5d872aa446c/ HTTP/1.1" 200 3688
INFO 2019-04-23 04:12:33,490 basehttp 124 "GET /register/ HTTP/1.1" 200 4836
INFO 2019-04-23 04:12:33,544 basehttp 124 "GET /image_codes/85e51f3f-e061-4951-9beb-2395c17dc43f/ HTTP/1.1" 200 3044
INFO 2019-04-23 04:12:33,714 basehttp 124 "GET /register/ HTTP/1.1" 200 4836
INFO 2019-04-23 04:12:33,774 basehttp 124 "GET /image_codes/b205f0aa-3bc9-4bdb-8020-c1fb16a602b8/ HTTP/1.1" 200 3448
INFO 2019-04-23 04:12:33,852 basehttp 124 "GET /register/ HTTP/1.1" 200 4836
INFO 2019-04-23 04:12:33,906 basehttp 124 "GET /image_codes/9e8ea9f6-e026-4e87-87c2-364e2cf1621e/ HTTP/1.1" 200 3311
INFO 2019-04-23 04:12:34,046 basehttp 124 "GET /register/ HTTP/1.1" 200 4836
INFO 2019-04-23 04:12:34,100 basehttp 124 "GET /image_codes/015b3baa-ded9-4b89-9312-5e022e922ca4/ HTTP/1.1" 200 2910
INFO 2019-04-23 04:12:34,255 basehttp 124 "GET /register/ HTTP/1.1" 200 4836
INFO 2019-04-23 04:12:34,308 basehttp 124 "GET /image_codes/da92b5bc-77f9-460e-938f-783aea6aabcc/ HTTP/1.1" 200 3104
INFO 2019-04-23 04:12:34,485 basehttp 124 "GET /register/ HTTP/1.1" 200 4836
INFO 2019-04-23 04:12:34,538 basehttp 124 "GET /image_codes/cebb5633-68b1-48cc-8af2-ed15b574f051/ HTTP/1.1" 200 2503
INFO 2019-04-23 04:12:34,701 basehttp 124 "GET /register/ HTTP/1.1" 200 4836
INFO 2019-04-23 04:12:34,755 basehttp 124 "GET /image_codes/2ee837bf-a413-479e-9583-507bb6ff4a82/ HTTP/1.1" 200 3207
INFO 2019-04-23 04:12:34,936 basehttp 124 "GET /register/ HTTP/1.1" 200 4836
INFO 2019-04-23 04:12:34,990 basehttp 124 "GET /image_codes/ca9f1cb2-257e-404e-9b3a-9e3b0e923ce2/ HTTP/1.1" 200 3269
INFO 2019-04-23 04:12:35,067 basehttp 124 "GET /register/ HTTP/1.1" 200 4836
INFO 2019-04-23 04:12:35,120 basehttp 124 "GET /image_codes/855be1f5-7c94-42ce-b94c-a684157e501e/ HTTP/1.1" 200 3022
INFO 2019-04-23 04:12:35,272 basehttp 124 "GET /register/ HTTP/1.1" 200 4836
INFO 2019-04-23 04:12:35,326 basehttp 124 "GET /image_codes/182a1082-2c37-4319-b867-5c066fa6de72/ HTTP/1.1" 200 3132
INFO 2019-04-23 04:13:49,042 basehttp 124 "GET /register/ HTTP/1.1" 200 4836
INFO 2019-04-23 04:13:49,109 basehttp 124 "GET /image_codes/ce101f32-2ae0-4b4f-a84f-8f62057daa37/ HTTP/1.1" 200 3243
INFO 2019-04-23 04:13:51,187 basehttp 124 "GET /image_codes/5f612594-5368-4615-9339-71b99a124fb2/ HTTP/1.1" 200 2982
INFO 2019-04-23 04:13:51,671 basehttp 124 "GET /image_codes/912843cd-d9ac-4e1b-a240-d734817646fc/ HTTP/1.1" 200 3389
INFO 2019-04-23 04:13:52,388 basehttp 124 "GET /image_codes/71342504-f253-4b28-a6c4-d535412a7c6c/ HTTP/1.1" 200 2965
INFO 2019-04-23 04:13:54,668 basehttp 124 "GET /image_codes/70a81472-44d4-4cb1-b1bb-f5e0e56d2c5e/ HTTP/1.1" 200 2947
INFO 2019-04-23 04:13:54,892 basehttp 124 "GET /image_codes/ac59ca82-0d94-4e05-930b-a25ff20364d4/ HTTP/1.1" 200 3269
INFO 2019-04-23 04:13:55,013 basehttp 124 "GET /image_codes/c66d0a64-0ba6-419c-ac82-f2ab9b2c8d5e/ HTTP/1.1" 200 3186
INFO 2019-04-23 04:13:55,148 basehttp 124 "GET /image_codes/57102baa-e0dd-4926-8664-202a407846cc/ HTTP/1.1" 200 2972
INFO 2019-04-23 04:13:55,361 basehttp 124 "GET /image_codes/2710aeb1-7486-4283-836e-c533a87d6a6b/ HTTP/1.1" 200 3308
INFO 2019-04-23 04:13:55,480 basehttp 124 "GET /image_codes/6cd80db7-9835-45ef-a99d-456b9b40d4d4/ HTTP/1.1" 200 3492
INFO 2019-04-23 04:13:55,599 basehttp 124 "GET /image_codes/d5ca8d0e-7020-415d-8e2a-501b7eb29db4/ HTTP/1.1" 200 3117
INFO 2019-04-23 04:13:55,753 basehttp 124 "GET /image_codes/898972ea-e6cf-4088-9009-4c4da3f9e22f/ HTTP/1.1" 200 3102
INFO 2019-04-23 04:13:55,948 basehttp 124 "GET /image_codes/85b458a2-491f-44b3-a1a9-294349fbe0bd/ HTTP/1.1" 200 3410
INFO 2019-04-23 04:13:56,072 basehttp 124 "GET /image_codes/7e0849c0-3b1f-436f-aa63-29753e2cb155/ HTTP/1.1" 200 3254
INFO 2019-04-23 04:13:56,281 basehttp 124 "GET /image_codes/41dc9c65-0119-4bce-9a63-d38aef5f68f8/ HTTP/1.1" 200 2920
INFO 2019-04-23 04:13:56,395 basehttp 124 "GET /image_codes/e283fc1c-4b93-4c5e-a4bb-56977ff1fd5d/ HTTP/1.1" 200 3580
INFO 2019-04-23 04:13:56,550 basehttp 124 "GET /image_codes/9d5a90a2-a08c-4a9d-a86f-d7d98380e484/ HTTP/1.1" 200 3227
INFO 2019-04-23 04:13:56,729 basehttp 124 "GET /image_codes/072f832d-5139-4e21-b4c1-1049d6a7b455/ HTTP/1.1" 200 2880
INFO 2019-04-23 04:13:56,880 basehttp 124 "GET /image_codes/e4e3f3f6-ff35-4f35-8e23-c980c685fd6a/ HTTP/1.1" 200 3266
INFO 2019-04-23 04:13:57,071 basehttp 124 "GET /image_codes/e43c8613-112a-42e5-a1c6-f4372719ee15/ HTTP/1.1" 200 2813
INFO 2019-04-23 04:13:57,206 basehttp 124 "GET /image_codes/329f59dc-6a22-415a-980e-f28dbf511bb6/ HTTP/1.1" 200 3352
INFO 2019-04-23 04:13:57,403 basehttp 124 "GET /image_codes/34d6ef9a-22bc-41f5-9a1d-2643a2ec685b/ HTTP/1.1" 200 2950
INFO 2019-04-23 04:13:57,522 basehttp 124 "GET /image_codes/4bccf871-cbe3-4b67-977e-1e1264e11227/ HTTP/1.1" 200 3278
INFO 2019-04-23 04:13:57,679 basehttp 124 "GET /image_codes/ed41c774-54d2-46b7-81a5-607582d16683/ HTTP/1.1" 200 3474
INFO 2019-04-23 04:13:57,864 basehttp 124 "GET /image_codes/43963401-d86f-41b4-8d6e-a031ceb0faa3/ HTTP/1.1" 200 3154
INFO 2019-04-23 04:13:57,982 basehttp 124 "GET /image_codes/37808f2e-04ca-4b27-8200-55808e97da2c/ HTTP/1.1" 200 3071
INFO 2019-04-23 04:13:58,128 basehttp 124 "GET /image_codes/11cf9364-d7e3-4f9e-930b-ecccdad47af8/ HTTP/1.1" 200 3678
INFO 2019-04-23 04:13:58,312 basehttp 124 "GET /image_codes/063f2ea1-ec24-459e-a876-5b5bf060c2ea/ HTTP/1.1" 200 3431
INFO 2019-04-23 04:15:20,066 basehttp 124 "GET /mobiles/15301387077/count/ HTTP/1.1" 200 41
INFO 2019-04-23 04:15:22,429 basehttp 124 "GET /mobiles/15301387071/count/ HTTP/1.1" 200 41
INFO 2019-04-23 04:16:01,426 basehttp 124 "GET /mobiles/15301387071/count/ HTTP/1.1" 200 41
INFO 2019-04-23 04:16:07,282 basehttp 124 "GET /mobiles/15301387071/count/ HTTP/1.1" 200 41
INFO 2019-04-23 04:16:29,013 basehttp 124 "GET /mobiles/15301387071/count/ HTTP/1.1" 200 41
INFO 2019-04-23 04:17:00,802 basehttp 124 "GET /mobiles/15301387071/count/ HTTP/1.1" 200 41
INFO 2019-04-23 04:17:22,631 basehttp 124 "GET /mobiles/15301387071/count/ HTTP/1.1" 200 41
INFO 2019-04-23 04:17:57,415 basehttp 124 "GET /mobiles/15301387071/count/ HTTP/1.1" 200 41
INFO 2019-04-23 04:18:05,017 basehttp 124 "GET /mobiles/15301387071/count/ HTTP/1.1" 200 41
INFO 2019-07-07 02:33:58,906 basehttp 124 "GET / HTTP/1.1" 200 20245
INFO 2019-07-07 02:33:59,116 basehttp 124 "GET /static/js/host.js HTTP/1.1" 200 80
INFO 2019-07-07 02:33:59,122 basehttp 124 "GET /static/css/main.css HTTP/1.1" 200 39722
INFO 2019-07-07 02:33:59,128 basehttp 124 "GET /static/js/axios-0.18.0.min.js HTTP/1.1" 200 12941
INFO 2019-07-07 02:33:59,133 basehttp 124 "GET /static/js/jquery-1.12.4.min.js HTTP/1.1" 200 97163
INFO 2019-07-07 02:33:59,135 basehttp 124 "GET /static/js/vue-2.5.16.js HTTP/1.1" 200 289307
INFO 2019-07-07 02:33:59,136 basehttp 124 "GET /static/css/reset.css HTTP/1.1" 200 638
INFO 2019-07-07 02:33:59,155 basehttp 124 "GET /static/images/logo.png HTTP/1.1" 200 7450
INFO 2019-07-07 02:33:59,155 basehttp 124 "GET /static/images/goods/goods001.jpg HTTP/1.1" 200 5391
INFO 2019-07-07 02:33:59,179 basehttp 124 "GET /static/js/slide.js HTTP/1.1" 200 1822
INFO 2019-07-07 02:33:59,183 basehttp 124 "GET /static/js/common.js HTTP/1.1" 200 891
INFO 2019-07-07 02:33:59,215 basehttp 124 "GET /static/js/index.js HTTP/1.1" 200 1388
INFO 2019-07-07 02:33:59,216 basehttp 124 "GET /static/images/goods/goods002.jpg HTTP/1.1" 200 5377
INFO 2019-07-07 02:33:59,226 basehttp 124 "GET /static/images/slide01.jpg HTTP/1.1" 200 67813
INFO 2019-07-07 02:33:59,227 basehttp 124 "GET /static/images/slide02.jpg HTTP/1.1" 200 89905
INFO 2019-07-07 02:33:59,231 basehttp 124 "GET /static/images/banner01.jpg HTTP/1.1" 200 23658
INFO 2019-07-07 02:33:59,234 basehttp 124 "GET /static/images/slide04.jpg HTTP/1.1" 200 107973
INFO 2019-07-07 02:33:59,234 basehttp 124 "GET /static/images/adv01.jpg HTTP/1.1" 200 39831
INFO 2019-07-07 02:33:59,235 basehttp 124 "GET /static/images/slide03.jpg HTTP/1.1" 200 70152
INFO 2019-07-07 02:33:59,235 basehttp 124 "GET /static/images/goods/goods003.jpg HTTP/1.1" 200 8579
INFO 2019-07-07 02:33:59,239 basehttp 124 "GET /static/images/goods/goods004.jpg HTTP/1.1" 200 6565
INFO 2019-07-07 02:33:59,245 basehttp 124 "GET /static/images/goods/goods005.jpg HTTP/1.1" 200 7578
INFO 2019-07-07 02:33:59,247 basehttp 124 "GET /static/images/goods/goods008.jpg HTTP/1.1" 200 7072
INFO 2019-07-07 02:33:59,247 basehttp 124 "GET /static/images/banner02.jpg HTTP/1.1" 200 26729
INFO 2019-07-07 02:33:59,249 basehttp 124 "GET /static/images/banner03.jpg HTTP/1.1" 200 22681
INFO 2019-07-07 02:33:59,250 basehttp 124 "GET /static/images/goods/goods009.jpg HTTP/1.1" 200 8738
INFO 2019-07-07 02:33:59,251 basehttp 124 "GET /static/images/icons.png HTTP/1.1" 200 7740
WARNING 2019-07-07 02:33:59,495 base 152 Not Found: /carts/simple/
WARNING 2019-07-07 02:33:59,495 basehttp 124 "GET /carts/simple/ HTTP/1.1" 404 3057
WARNING 2019-07-07 02:33:59,615 base 152 Not Found: /favicon.ico
WARNING 2019-07-07 02:33:59,615 basehttp 124 "GET /favicon.ico HTTP/1.1" 404 3051
WARNING 2019-07-07 02:34:08,139 base 152 Not Found: /login/
WARNING 2019-07-07 02:34:08,140 basehttp 124 "GET /login/ HTTP/1.1" 404 3036
